mode: set
github.com/networkteam/construct/v2/internal/generate.go:14.114,26.16 6 1
github.com/networkteam/construct/v2/internal/generate.go:26.16,28.3 1 0
github.com/networkteam/construct/v2/internal/generate.go:32.2,35.37 3 1
github.com/networkteam/construct/v2/internal/generate.go:35.37,36.28 1 1
github.com/networkteam/construct/v2/internal/generate.go:36.28,40.29 3 1
github.com/networkteam/construct/v2/internal/generate.go:40.29,42.5 1 1
github.com/networkteam/construct/v2/internal/generate.go:44.4,45.29 2 1
github.com/networkteam/construct/v2/internal/generate.go:45.29,47.5 1 1
github.com/networkteam/construct/v2/internal/generate.go:47.10,47.55 1 1
github.com/networkteam/construct/v2/internal/generate.go:47.55,50.5 1 1
github.com/networkteam/construct/v2/internal/generate.go:50.10,52.5 1 1
github.com/networkteam/construct/v2/internal/generate.go:53.4,54.41 2 1
github.com/networkteam/construct/v2/internal/generate.go:58.2,70.37 4 1
github.com/networkteam/construct/v2/internal/generate.go:70.37,71.28 1 1
github.com/networkteam/construct/v2/internal/generate.go:71.28,76.36 2 1
github.com/networkteam/construct/v2/internal/generate.go:77.22,79.89 1 1
github.com/networkteam/construct/v2/internal/generate.go:80.22,85.21 4 1
github.com/networkteam/construct/v2/internal/generate.go:86.39,89.7 1 1
github.com/networkteam/construct/v2/internal/generate.go:90.22,93.7 1 0
github.com/networkteam/construct/v2/internal/generate.go:97.4,97.53 1 1
github.com/networkteam/construct/v2/internal/generate.go:101.2,115.36 7 1
github.com/networkteam/construct/v2/internal/generate.go:118.52,119.34 1 1
github.com/networkteam/construct/v2/internal/generate.go:119.34,120.38 1 1
github.com/networkteam/construct/v2/internal/generate.go:120.38,121.28 1 1
github.com/networkteam/construct/v2/internal/generate.go:121.28,123.5 1 1
github.com/networkteam/construct/v2/internal/generate.go:128.63,130.2 1 1
github.com/networkteam/construct/v2/internal/generate.go:132.65,136.37 3 1
github.com/networkteam/construct/v2/internal/generate.go:136.37,137.27 1 1
github.com/networkteam/construct/v2/internal/generate.go:137.27,141.48 2 1
github.com/networkteam/construct/v2/internal/generate.go:141.48,142.71 1 1
github.com/networkteam/construct/v2/internal/generate.go:142.71,144.6 1 1
github.com/networkteam/construct/v2/internal/generate.go:146.4,146.68 1 1
github.com/networkteam/construct/v2/internal/generate.go:150.2,150.46 1 1
github.com/networkteam/construct/v2/internal/generate.go:153.91,156.37 2 1
github.com/networkteam/construct/v2/internal/generate.go:156.37,157.28 1 1
github.com/networkteam/construct/v2/internal/generate.go:157.28,159.36 2 1
github.com/networkteam/construct/v2/internal/generate.go:160.22,161.32 1 1
github.com/networkteam/construct/v2/internal/generate.go:162.22,167.6 2 1
github.com/networkteam/construct/v2/internal/generate.go:168.24,171.33 3 1
github.com/networkteam/construct/v2/internal/generate.go:172.23,173.33 1 0
github.com/networkteam/construct/v2/internal/generate.go:174.23,179.7 2 1
github.com/networkteam/construct/v2/internal/generate.go:180.23,181.64 1 0
github.com/networkteam/construct/v2/internal/generate.go:182.13,183.62 1 0
github.com/networkteam/construct/v2/internal/generate.go:185.22,188.33 3 1
github.com/networkteam/construct/v2/internal/generate.go:189.23,190.25 1 1
github.com/networkteam/construct/v2/internal/generate.go:191.23,196.7 2 0
github.com/networkteam/construct/v2/internal/generate.go:197.13,198.60 1 0
github.com/networkteam/construct/v2/internal/generate.go:200.12,201.89 1 0
github.com/networkteam/construct/v2/internal/generate.go:203.4,203.45 1 1
github.com/networkteam/construct/v2/internal/generate.go:207.2,210.27 3 1
github.com/networkteam/construct/v2/internal/generate.go:213.52,215.37 2 1
github.com/networkteam/construct/v2/internal/generate.go:215.37,216.53 1 1
github.com/networkteam/construct/v2/internal/generate.go:216.53,218.4 1 1
github.com/networkteam/construct/v2/internal/generate.go:220.2,221.24 1 1
github.com/networkteam/construct/v2/internal/helper.go:8.36,9.13 1 1
github.com/networkteam/construct/v2/internal/helper.go:9.13,11.3 1 0
github.com/networkteam/construct/v2/internal/helper.go:12.2,12.40 1 1
github.com/networkteam/construct/v2/internal/helper.go:15.36,16.13 1 1
github.com/networkteam/construct/v2/internal/helper.go:16.13,18.3 1 1
github.com/networkteam/construct/v2/internal/helper.go:20.2,29.21 2 1
github.com/networkteam/construct/v2/internal/helper.go:29.21,32.25 3 1
github.com/networkteam/construct/v2/internal/helper.go:32.25,35.13 2 1
github.com/networkteam/construct/v2/internal/helper.go:35.13,37.5 1 1
github.com/networkteam/construct/v2/internal/helper.go:38.4,38.9 1 1
github.com/networkteam/construct/v2/internal/helper.go:41.2,41.15 1 1
github.com/networkteam/construct/v2/internal/helper.go:41.15,43.3 1 1
github.com/networkteam/construct/v2/internal/helper.go:45.2,45.40 1 1
github.com/networkteam/construct/v2/internal/struct_mapping.go:52.123,55.16 3 1
github.com/networkteam/construct/v2/internal/struct_mapping.go:55.16,57.3 1 0
github.com/networkteam/construct/v2/internal/struct_mapping.go:59.2,59.20 1 1
github.com/networkteam/construct/v2/internal/struct_mapping.go:59.20,61.3 1 0
github.com/networkteam/construct/v2/internal/struct_mapping.go:62.2,65.16 3 1
github.com/networkteam/construct/v2/internal/struct_mapping.go:65.16,67.3 1 0
github.com/networkteam/construct/v2/internal/struct_mapping.go:69.2,69.41 1 1
github.com/networkteam/construct/v2/internal/struct_mapping.go:69.41,71.3 1 0
github.com/networkteam/construct/v2/internal/struct_mapping.go:72.2,73.9 2 1
github.com/networkteam/construct/v2/internal/struct_mapping.go:73.9,75.3 1 0
github.com/networkteam/construct/v2/internal/struct_mapping.go:77.2,77.92 1 1
github.com/networkteam/construct/v2/internal/struct_mapping.go:81.95,84.16 3 1
github.com/networkteam/construct/v2/internal/struct_mapping.go:84.16,86.3 1 0
github.com/networkteam/construct/v2/internal/struct_mapping.go:88.2,88.20 1 1
github.com/networkteam/construct/v2/internal/struct_mapping.go:88.20,90.3 1 0
github.com/networkteam/construct/v2/internal/struct_mapping.go:91.2,95.29 3 1
github.com/networkteam/construct/v2/internal/struct_mapping.go:95.29,97.42 2 1
github.com/networkteam/construct/v2/internal/struct_mapping.go:97.42,98.12 1 0
github.com/networkteam/construct/v2/internal/struct_mapping.go:100.3,101.10 2 1
github.com/networkteam/construct/v2/internal/struct_mapping.go:101.10,102.12 1 0
github.com/networkteam/construct/v2/internal/struct_mapping.go:105.3,106.17 2 1
github.com/networkteam/construct/v2/internal/struct_mapping.go:106.17,108.4 1 0
github.com/networkteam/construct/v2/internal/struct_mapping.go:111.3,111.20 1 1
github.com/networkteam/construct/v2/internal/struct_mapping.go:111.20,113.4 1 1
github.com/networkteam/construct/v2/internal/struct_mapping.go:116.2,116.22 1 1
github.com/networkteam/construct/v2/internal/struct_mapping.go:119.135,126.46 5 1
github.com/networkteam/construct/v2/internal/struct_mapping.go:126.46,132.17 5 1
github.com/networkteam/construct/v2/internal/struct_mapping.go:132.17,134.4 1 0
github.com/networkteam/construct/v2/internal/struct_mapping.go:136.3,141.35 2 1
github.com/networkteam/construct/v2/internal/struct_mapping.go:141.35,142.29 1 1
github.com/networkteam/construct/v2/internal/struct_mapping.go:142.29,147.5 1 1
github.com/networkteam/construct/v2/internal/struct_mapping.go:148.4,148.30 1 1
github.com/networkteam/construct/v2/internal/struct_mapping.go:148.30,153.5 1 1
github.com/networkteam/construct/v2/internal/struct_mapping.go:156.3,156.48 1 1
github.com/networkteam/construct/v2/internal/struct_mapping.go:159.2,159.16 1 1
github.com/networkteam/construct/v2/internal/struct_mapping.go:162.42,163.37 1 1
github.com/networkteam/construct/v2/internal/struct_mapping.go:163.37,164.52 1 1
github.com/networkteam/construct/v2/internal/struct_mapping.go:164.52,166.4 1 1
github.com/networkteam/construct/v2/internal/struct_mapping.go:168.2,168.14 1 1
